<?xml version="1.0" encoding="UTF-8"?>
<testng-results skipped="0" failed="0" ignored="0" total="1" passed="1">
  <reporter-output>
  </reporter-output>
  <suite name="Default suite" duration-ms="39643" started-at="2020-04-26T08:40:41Z" finished-at="2020-04-26T08:41:21Z">
    <groups>
    </groups>
    <test name="Default test" duration-ms="39643" started-at="2020-04-26T08:40:41Z" finished-at="2020-04-26T08:41:21Z">
      <class name="com.bridgelabz.seliniumtesting.tests.NoteTest">
        <test-method status="PASS" signature="beforeMethod()[pri:0, instance:com.bridgelabz.seliniumtesting.tests.NoteTest@77caeb3e]" name="beforeMethod" is-config="true" duration-ms="16056" started-at="2020-04-26T08:40:41Z" finished-at="2020-04-26T08:40:57Z">
          <reporter-output>
          </reporter-output>
        </test-method> <!-- beforeMethod -->
        <test-method status="PASS" signature="note()[pri:0, instance:com.bridgelabz.seliniumtesting.tests.NoteTest@77caeb3e]" name="note" duration-ms="22915" started-at="2020-04-26T08:40:57Z" finished-at="2020-04-26T08:41:20Z">
          <reporter-output>
          </reporter-output>
        </test-method> <!-- note -->
        <test-method status="PASS" signature="afterMethod()[pri:0, instance:com.bridgelabz.seliniumtesting.tests.NoteTest@77caeb3e]" name="afterMethod" is-config="true" duration-ms="636" started-at="2020-04-26T08:41:20Z" finished-at="2020-04-26T08:41:21Z">
          <reporter-output>
          </reporter-output>
        </test-method> <!-- afterMethod -->
      </class> <!-- com.bridgelabz.seliniumtesting.tests.NoteTest -->
    </test> <!-- Default test -->
  </suite> <!-- Default suite -->
</testng-results>
